Determining if the pthread_create exist failed with the following output:
Change Dir: /VirtualShare/uva-robotics/main/build/CMakeFiles/CMakeTmp

Run Build Command:"/usr/bin/make" "cmTC_0fb4e/fast"
make: Warning: File 'Makefile' has modification time 28 s in the future
/usr/bin/make -f CMakeFiles/cmTC_0fb4e.dir/build.make CMakeFiles/cmTC_0fb4e.dir/build
make[1]: Entering directory '/VirtualShare/uva-robotics/main/build/CMakeFiles/CMakeTmp'
make[1]: Warning: File 'CMakeFiles/cmTC_0fb4e.dir/flags.make' has modification time 28 s in the future
Building C object CMakeFiles/cmTC_0fb4e.dir/CheckSymbolExists.c.o
/usr/bin/cc     -o CMakeFiles/cmTC_0fb4e.dir/CheckSymbolExists.c.o   -c /VirtualShare/uva-robotics/main/build/CMakeFiles/CMakeTmp/CheckSymbolExists.c
Linking C executable cmTC_0fb4e
/usr/bin/cmake -E cmake_link_script CMakeFiles/cmTC_0fb4e.dir/link.txt --verbose=1
/usr/bin/cc       CMakeFiles/cmTC_0fb4e.dir/CheckSymbolExists.c.o  -o cmTC_0fb4e -rdynamic 
CMakeFiles/cmTC_0fb4e.dir/CheckSymbolExists.c.o: In function `main':
CheckSymbolExists.c:(.text+0x16): undefined reference to `pthread_create'
collect2: error: ld returned 1 exit status
CMakeFiles/cmTC_0fb4e.dir/build.make:97: recipe for target 'cmTC_0fb4e' failed
make[1]: *** [cmTC_0fb4e] Error 1
make[1]: Leaving directory '/VirtualShare/uva-robotics/main/build/CMakeFiles/CMakeTmp'
Makefile:126: recipe for target 'cmTC_0fb4e/fast' failed
make: *** [cmTC_0fb4e/fast] Error 2

File /VirtualShare/uva-robotics/main/build/CMakeFiles/CMakeTmp/CheckSymbolExists.c:
/* */
#include <pthread.h>

int main(int argc, char** argv)
{
  (void)argv;
#ifndef pthread_create
  return ((int*)(&pthread_create))[argc];
#else
  (void)argc;
  return 0;
#endif
}

Determining if the function pthread_create exists in the pthreads failed with the following output:
Change Dir: /VirtualShare/uva-robotics/main/build/CMakeFiles/CMakeTmp

Run Build Command:"/usr/bin/make" "cmTC_67044/fast"
make: Warning: File 'Makefile' has modification time 28 s in the future
/usr/bin/make -f CMakeFiles/cmTC_67044.dir/build.make CMakeFiles/cmTC_67044.dir/build
make[1]: Entering directory '/VirtualShare/uva-robotics/main/build/CMakeFiles/CMakeTmp'
make[1]: Warning: File 'CMakeFiles/cmTC_67044.dir/flags.make' has modification time 28 s in the future
Building C object CMakeFiles/cmTC_67044.dir/CheckFunctionExists.c.o
/usr/bin/cc    -DCHECK_FUNCTION_EXISTS=pthread_create   -o CMakeFiles/cmTC_67044.dir/CheckFunctionExists.c.o   -c /usr/share/cmake-3.5/Modules/CheckFunctionExists.c
Linking C executable cmTC_67044
/usr/bin/cmake -E cmake_link_script CMakeFiles/cmTC_67044.dir/link.txt --verbose=1
/usr/bin/cc   -DCHECK_FUNCTION_EXISTS=pthread_create    CMakeFiles/cmTC_67044.dir/CheckFunctionExists.c.o  -o cmTC_67044 -rdynamic -lpthreads 
/usr/bin/ld: cannot find -lpthreads
collect2: error: ld returned 1 exit status
CMakeFiles/cmTC_67044.dir/build.make:97: recipe for target 'cmTC_67044' failed
make[1]: *** [cmTC_67044] Error 1
make[1]: Leaving directory '/VirtualShare/uva-robotics/main/build/CMakeFiles/CMakeTmp'
Makefile:126: recipe for target 'cmTC_67044/fast' failed
make: *** [cmTC_67044/fast] Error 2


